/home/student/first_task/_100822/ generated folder already exists!
/home/student/first_task/_100822/pip.pip_100822 generated file already exists!
/home/student/first_task/_100822/ppip.pip_100822 generated file already exists!
/home/student/first_task/_100822/ppiip.pip_100822 generated file already exists!

/home/student/first_task/_100822/ generated folder already exists!
/home/student/first_task/_100822/pip.pip_100822 generated file already exists!
/home/student/first_task/_100822/ppip.pip_100822 generated file already exists!
/home/student/first_task/_100822/ppiip.pip_100822 generated file already exists!

/home/student/first_task/_100822/ generated folder already exists!
/home/student/first_task/_100822/pip.pip_100822 generated file already exists!
/home/student/first_task/_100822/ppip.pip_100822 generated file already exists!
/home/student/first_task/_100822/ppiip.pip_100822 generated file already exists!

/home/student/first_task/_100822/ generated folder already exists!
/home/student/first_task/_100822/pip.pip_100822 generated file already exists!
/home/student/first_task/_100822/ppip.pip_100822 generated file already exists!
/home/student/first_task/_100822/ppiip.pip_100822 generated file already exists!

/home/student/first_task/kpt_100822/ generated folder already exists!
/home/student/first_task/kpt_100822/pip.pip_100822 generated file already exists!
/home/student/first_task/kpt_100822/ppip.pip_100822 generated file already exists!
/home/student/first_task/kpt_100822/ppiip.pip_100822 generated file already exists!

/home/student/first_task/kpt_100822/ generated folder already exists!
/home/student/first_task/kpt_100822/pip.pip_100822 generated file already exists!
/home/student/first_task/kpt_100822/ppip.pip_100822 generated file already exists!
/home/student/first_task/kpt_100822/ppiip.pip_100822 generated file already exists!

